<?xml version="1.0" encoding="UTF-8"?>
<!-- Generated by org.testng.reporters.JUnitXMLReporter -->
<testsuite ignored="5" hostname="sudhir-PC" failures="0" tests="1" name="Default test(failed)" time="0.446" errors="0" timestamp="2023-04-21T11:38:39 IST">
  <testcase classname="test.TestCasesForFunctionalityOfSwagLabs" name="@BeforeMethod BrowserLaunching" time="-1.682057319026E9">
    <failure type="org.testng.TestNGException" message="
Parameter &amp;apos;browser&amp;apos; is required by BeforeMethod on method BrowserLaunching but has not been marked @Optional or defined
in G:\JAVA\SwagLabs\test-output\testng-failed.xml">
      <![CDATA[org.testng.TestNGException: 
Parameter 'browser' is required by BeforeMethod on method BrowserLaunching but has not been marked @Optional or defined
in G:\JAVA\SwagLabs\test-output\testng-failed.xml
at java.base/java.util.ArrayList.forEach(ArrayList.java:1511)
... Removed 28 stack frames]]>
    </failure>
  </testcase> <!-- @BeforeMethod BrowserLaunching -->
  <testcase classname="test.TestCasesForFunctionalityOfSwagLabs" name="@AfterMethod getTestResult" time="0.0">
    <skipped/>
  </testcase> <!-- @AfterMethod getTestResult -->
  <testcase classname="test.TestCasesForFunctionalityOfSwagLabs" name="@AfterTest publishReports" time="0.0">
    <skipped/>
  </testcase> <!-- @AfterTest publishReports -->
  <testcase classname="test.TestCasesForFunctionalityOfSwagLabs" name="VerifyChekoutFunctionality" time="0.0">
    <skipped/>
  </testcase> <!-- VerifyChekoutFunctionality -->
  <testcase classname="test.TestCasesForFunctionalityOfSwagLabs" name="addProductOnCart" time="0.0">
    <ignored/>
  </testcase> <!-- addProductOnCart -->
  <testcase classname="test.TestCasesForFunctionalityOfSwagLabs" name="RemoveMultipleProductsFromCart" time="0.0">
    <ignored/>
  </testcase> <!-- RemoveMultipleProductsFromCart -->
  <testcase classname="test.TestCasesForFunctionalityOfSwagLabs" name="verifyLogInFunctionality" time="0.0">
    <ignored/>
  </testcase> <!-- verifyLogInFunctionality -->
  <testcase classname="test.TestCasesForFunctionalityOfSwagLabs" name="addMultipleProductToCart" time="0.0">
    <ignored/>
  </testcase> <!-- addMultipleProductToCart -->
  <testcase classname="test.TestCasesForFunctionalityOfSwagLabs" name="removeProductFromCart" time="0.0">
    <ignored/>
  </testcase> <!-- removeProductFromCart -->
</testsuite> <!-- Default test(failed) -->
