<?xml version="1.0" encoding="UTF-8"?>
<!-- Generated by org.testng.reporters.JUnitXMLReporter -->
<testsuite ignored="0" hostname="sudhir-PC" failures="0" tests="13" name="Functional Testing on chrome" time="2.422" errors="0" timestamp="2023-04-23T16:14:27 IST">
  <testcase classname="test.TestCasesForFunctionalityOfSwagLabs" name="@BeforeMethod BrowserLaunching" time="0.009">
    <failure type="java.lang.NullPointerException" message="Cannot invoke &amp;quot;org.openqa.selenium.WebDriver.manage()&amp;quot; because &amp;quot;pojo.Browser.driver&amp;quot; is null">
      <![CDATA[java.lang.NullPointerException: Cannot invoke "org.openqa.selenium.WebDriver.manage()" because "pojo.Browser.driver" is null
at pojo.Browser.launchBrowser(Browser.java:33)
at test.TestCasesForFunctionalityOfSwagLabs.BrowserLaunching(TestCasesForFunctionalityOfSwagLabs.java:63)
at java.base/java.util.ArrayList.forEach(ArrayList.java:1511)
... Removed 29 stack frames]]>
    </failure>
  </testcase> <!-- @BeforeMethod BrowserLaunching -->
  <testcase classname="test.TestCasesForFunctionalityOfSwagLabs" name="@AfterMethod getTestResult" time="0.0">
    <skipped/>
  </testcase> <!-- @AfterMethod getTestResult -->
  <testcase classname="test.TestCasesForFunctionalityOfSwagLabs" name="@BeforeMethod BrowserLaunching" time="0.0">
    <skipped/>
  </testcase> <!-- @BeforeMethod BrowserLaunching -->
  <testcase classname="test.TestCasesForFunctionalityOfSwagLabs" name="@AfterMethod getTestResult" time="0.0">
    <skipped/>
  </testcase> <!-- @AfterMethod getTestResult -->
  <testcase classname="test.TestCasesForFunctionalityOfSwagLabs" name="@BeforeMethod BrowserLaunching" time="0.0">
    <skipped/>
  </testcase> <!-- @BeforeMethod BrowserLaunching -->
  <testcase classname="test.TestCasesForFunctionalityOfSwagLabs" name="@AfterMethod getTestResult" time="0.0">
    <skipped/>
  </testcase> <!-- @AfterMethod getTestResult -->
  <testcase classname="test.TestCasesForFunctionalityOfSwagLabs" name="@BeforeMethod BrowserLaunching" time="0.0">
    <skipped/>
  </testcase> <!-- @BeforeMethod BrowserLaunching -->
  <testcase classname="test.TestCasesForFunctionalityOfSwagLabs" name="@AfterMethod getTestResult" time="0.0">
    <skipped/>
  </testcase> <!-- @AfterMethod getTestResult -->
  <testcase classname="test.TestCasesForFunctionalityOfSwagLabs" name="@BeforeMethod BrowserLaunching" time="0.0">
    <skipped/>
  </testcase> <!-- @BeforeMethod BrowserLaunching -->
  <testcase classname="test.TestCasesForFunctionalityOfSwagLabs" name="@AfterMethod getTestResult" time="0.0">
    <skipped/>
  </testcase> <!-- @AfterMethod getTestResult -->
  <testcase classname="test.TestCasesForFunctionalityOfSwagLabs" name="@BeforeMethod BrowserLaunching" time="0.0">
    <skipped/>
  </testcase> <!-- @BeforeMethod BrowserLaunching -->
  <testcase classname="test.TestCasesForFunctionalityOfSwagLabs" name="@AfterMethod getTestResult" time="0.0">
    <skipped/>
  </testcase> <!-- @AfterMethod getTestResult -->
  <testcase classname="test.TestCasesForFunctionalityOfSwagLabs" name="@BeforeMethod BrowserLaunching" time="0.0">
    <skipped/>
  </testcase> <!-- @BeforeMethod BrowserLaunching -->
  <testcase classname="test.TestCasesForFunctionalityOfSwagLabs" name="@AfterMethod getTestResult" time="0.0">
    <skipped/>
  </testcase> <!-- @AfterMethod getTestResult -->
  <testcase classname="test.TestCasesForFunctionalityOfSwagLabs" name="@BeforeMethod BrowserLaunching" time="0.0">
    <skipped/>
  </testcase> <!-- @BeforeMethod BrowserLaunching -->
  <testcase classname="test.TestCasesForFunctionalityOfSwagLabs" name="@AfterMethod getTestResult" time="0.0">
    <skipped/>
  </testcase> <!-- @AfterMethod getTestResult -->
  <testcase classname="test.TestCasesForFunctionalityOfSwagLabs" name="@BeforeMethod BrowserLaunching" time="0.0">
    <skipped/>
  </testcase> <!-- @BeforeMethod BrowserLaunching -->
  <testcase classname="test.TestCasesForFunctionalityOfSwagLabs" name="@AfterMethod getTestResult" time="0.0">
    <skipped/>
  </testcase> <!-- @AfterMethod getTestResult -->
  <testcase classname="test.ValidatingLoginFunctionality" name="@BeforeMethod BrowserLaunching" time="0.001">
    <failure type="java.lang.NullPointerException" message="Cannot invoke &amp;quot;org.openqa.selenium.WebDriver.manage()&amp;quot; because &amp;quot;pojo.Browser.driver&amp;quot; is null">
      <![CDATA[java.lang.NullPointerException: Cannot invoke "org.openqa.selenium.WebDriver.manage()" because "pojo.Browser.driver" is null
at pojo.Browser.launchBrowser(Browser.java:33)
at test.ValidatingLoginFunctionality.BrowserLaunching(ValidatingLoginFunctionality.java:41)
at java.base/java.util.ArrayList.forEach(ArrayList.java:1511)
... Removed 29 stack frames]]>
    </failure>
  </testcase> <!-- @BeforeMethod BrowserLaunching -->
  <testcase classname="test.ValidatingLoginFunctionality" name="@AfterMethod getTestResult" time="0.0">
    <skipped/>
  </testcase> <!-- @AfterMethod getTestResult -->
  <testcase classname="test.ValidatingLoginFunctionality" name="@BeforeMethod BrowserLaunching" time="0.0">
    <skipped/>
  </testcase> <!-- @BeforeMethod BrowserLaunching -->
  <testcase classname="test.ValidatingLoginFunctionality" name="@AfterMethod getTestResult" time="0.0">
    <skipped/>
  </testcase> <!-- @AfterMethod getTestResult -->
  <testcase classname="test.ValidatingLoginFunctionality" name="@BeforeMethod BrowserLaunching" time="0.0">
    <skipped/>
  </testcase> <!-- @BeforeMethod BrowserLaunching -->
  <testcase classname="test.ValidatingLoginFunctionality" name="@AfterMethod getTestResult" time="0.0">
    <skipped/>
  </testcase> <!-- @AfterMethod getTestResult -->
  <testcase classname="test.ValidatingLoginFunctionality" name="@BeforeMethod BrowserLaunching" time="0.0">
    <skipped/>
  </testcase> <!-- @BeforeMethod BrowserLaunching -->
  <testcase classname="test.ValidatingLoginFunctionality" name="@AfterMethod getTestResult" time="0.0">
    <skipped/>
  </testcase> <!-- @AfterMethod getTestResult -->
  <testcase classname="test.TestCasesForFunctionalityOfSwagLabs" name="@AfterTest publishReports" time="0.0">
    <skipped/>
  </testcase> <!-- @AfterTest publishReports -->
  <testcase classname="test.ValidatingLoginFunctionality" name="@AfterTest publishReports" time="0.0">
    <skipped/>
  </testcase> <!-- @AfterTest publishReports -->
  <testcase classname="test.TestCasesForFunctionalityOfSwagLabs" name="verifyLogInFunctionality" time="0.0">
    <skipped/>
  </testcase> <!-- verifyLogInFunctionality -->
  <testcase classname="test.TestCasesForFunctionalityOfSwagLabs" name="verifyLogInFunctionality" time="0.0">
    <skipped/>
  </testcase> <!-- verifyLogInFunctionality -->
  <testcase classname="test.TestCasesForFunctionalityOfSwagLabs" name="verifyLogInFunctionality" time="0.0">
    <skipped/>
  </testcase> <!-- verifyLogInFunctionality -->
  <testcase classname="test.TestCasesForFunctionalityOfSwagLabs" name="verifyLogInFunctionality" time="0.0">
    <skipped/>
  </testcase> <!-- verifyLogInFunctionality -->
  <testcase classname="test.TestCasesForFunctionalityOfSwagLabs" name="addProductOnCart" time="0.0">
    <skipped/>
  </testcase> <!-- addProductOnCart -->
  <testcase classname="test.TestCasesForFunctionalityOfSwagLabs" name="removeProductFromCart" time="0.001">
    <skipped/>
  </testcase> <!-- removeProductFromCart -->
  <testcase classname="test.TestCasesForFunctionalityOfSwagLabs" name="addMultipleProductToCart" time="0.0">
    <skipped/>
  </testcase> <!-- addMultipleProductToCart -->
  <testcase classname="test.TestCasesForFunctionalityOfSwagLabs" name="RemoveMultipleProductsFromCart" time="0.0">
    <skipped/>
  </testcase> <!-- RemoveMultipleProductsFromCart -->
  <testcase classname="test.TestCasesForFunctionalityOfSwagLabs" name="VerifyChekoutFunctionality" time="0.0">
    <skipped/>
  </testcase> <!-- VerifyChekoutFunctionality -->
  <testcase classname="test.ValidatingLoginFunctionality" name="verifyLoginWithstandard_user" time="0.0">
    <skipped/>
  </testcase> <!-- verifyLoginWithstandard_user -->
  <testcase classname="test.ValidatingLoginFunctionality" name="verifyLoginWithlocked_out_user" time="0.0">
    <skipped/>
  </testcase> <!-- verifyLoginWithlocked_out_user -->
  <testcase classname="test.ValidatingLoginFunctionality" name="verifyLoginWithproblem_user" time="0.0">
    <skipped/>
  </testcase> <!-- verifyLoginWithproblem_user -->
  <testcase classname="test.ValidatingLoginFunctionality" name="verifyLoginWithperformance_glitch_user" time="0.0">
    <skipped/>
  </testcase> <!-- verifyLoginWithperformance_glitch_user -->
</testsuite> <!-- Functional Testing on chrome -->
